<?xml version="1.0" encoding="UTF-8"?>
<!-- Generated by org.testng.reporters.JUnitReportReporter -->
<testsuite hostname="DESKTOP-4HGFJER" failures="0" tests="2" name="com.chatAppTest.TestCase1" time="23.321" errors="0" timestamp="2024-04-04T08:50:22 IST" skipped="0">
  <testcase classname="com.chatAppTest.TestCase1" name="verifyUserLogin" time="11.602"/>
  <system-out/>
  <testcase classname="com.chatAppTest.TestCase1" name="verifyMessageDelivery" time="11.719"/>
  <system-out/>
</testsuite> <!-- com.chatAppTest.TestCase1 -->
