<?xml version="1.0" encoding="UTF-8"?>
<!-- Generated by org.testng.reporters.JUnitReportReporter -->
<testsuite hostname="DESKTOP-4HGFJER" failures="0" tests="4" name="com.chatAppTest.TestCasePage" time="43.157" errors="0" timestamp="2024-04-15T11:37:32 IST" skipped="0">
  <testcase classname="com.chatAppTest.TestCasePage" name="verifyUserLogin" time="9.624"/>
  <system-out/>
  <testcase classname="com.chatAppTest.TestCasePage" name="verifyMessageDelivery" time="10.484"/>
  <system-out/>
  <testcase classname="com.chatAppTest.TestCasePage" name="verifySpecialCharacter" time="11.671"/>
  <system-out/>
  <testcase classname="com.chatAppTest.TestCasePage" name="verifyLongMessageText" time="11.378"/>
  <system-out/>
</testsuite> <!-- com.chatAppTest.TestCasePage -->
